2017-04-07 09:52:02,826 - os.name - Linux
2017-04-07 09:52:02,826 - os.arch - amd64
2017-04-07 09:52:02,826 - os.version - 4.2.0-0.bpo.1-amd64
2017-04-07 09:52:02,826 - java.version - 1.8.0_111
2017-04-07 09:52:02,826 - java.vendor - Oracle Corporation
2017-04-07 09:52:02,826 - java.vendor.url - http://java.oracle.com/
2017-04-07 09:52:02,826 - java.home - /usr/local/jdk1.8.0_111/jre
2017-04-07 09:52:02,826 - java.vm.specification.name - Java Virtual Machine Specification
2017-04-07 09:52:02,826 - java.vm.specification.vendor - Oracle Corporation
2017-04-07 09:52:02,826 - java.vm.specification.version - 1.8
2017-04-07 09:52:02,826 - java.class.path - /usr/local/eclipse//plugins/org.eclipse.equinox.launcher_1.3.200.v20160318-1642.jar
2017-04-07 09:52:02,826 - java.library.path - /usr/java/packages/lib/amd64:/usr/lib64:/lib64:/lib:/usr/lib
2017-04-07 09:52:02,826 - --------------------------------------
2017-04-07 09:52:02,826 - ## Eclipse Plug-ins Log Information ##
2017-04-07 09:52:02,826 - --------------------------------------
2017-04-07 09:52:02,854 - javax.el - 2.2.0.v201303151357
2017-04-07 09:52:02,855 - javax.servlet - 3.1.0.v201410161800
2017-04-07 09:52:02,855 - javax.servlet.jsp - 2.2.0.v201112011158
2017-04-07 09:52:02,856 - com.sun.el - 2.2.0.v201303151357
2017-04-07 09:52:02,856 - org.apache.commons.logging - 1.1.1.v201101211721
2017-04-07 09:52:02,856 - org.apache.jasper.glassfish - 2.2.2.v201501141630
2017-04-07 09:52:02,858 - org.apache.lucene.analysis - 3.5.0.v20120725-1805
2017-04-07 09:52:02,858 - org.apache.lucene.core - 3.5.0.v20120725-1805
2017-04-07 09:52:02,858 - org.eclipse.equinox.http.jetty - 3.3.0.v20160324-1850
2017-04-07 09:52:02,859 - org.eclipse.equinox.http.registry - 1.1.400.v20150715-1528
2017-04-07 09:52:02,859 - org.eclipse.equinox.http.servlet - 1.3.1.v20160808-1329
2017-04-07 09:52:02,922 - org.eclipse.equinox.jsp.jasper - 1.0.500.v20150119-1358
2017-04-07 09:52:02,923 - org.eclipse.equinox.jsp.jasper.registry - 1.0.300.v20130327-1442
2017-04-07 09:52:02,923 - org.eclipse.help.base - 4.1.0.v20160907-1200
2017-04-07 09:52:02,923 - org.eclipse.help.ui - 4.0.200.v20160510-0758
2017-04-07 09:52:02,923 - org.eclipse.help.webapp - 3.8.0.v20160504-0839
2017-04-07 09:52:02,924 - org.eclipse.jetty.continuation - 9.3.9.v20160517
2017-04-07 09:52:02,924 - org.eclipse.jetty.http - 9.3.9.v20160517
2017-04-07 09:52:02,925 - org.eclipse.jetty.io - 9.3.9.v20160517
2017-04-07 09:52:02,925 - org.eclipse.jetty.security - 9.3.9.v20160517
2017-04-07 09:52:02,926 - org.eclipse.jetty.server - 9.3.9.v20160517
2017-04-07 09:52:02,926 - org.eclipse.jetty.servlet - 9.3.9.v20160517
2017-04-07 09:52:02,927 - org.eclipse.jetty.util - 9.3.9.v20160517
2017-04-07 09:52:02,927 - org.eclipse.core.net - 1.3.0.v20160418-1534
2017-04-07 09:52:02,927 - org.eclipse.equinox.security - 1.2.200.v20150715-1528
2017-04-07 09:52:02,969 - org.eclipse.mylyn.bugzilla.core - 3.20.0.v20160425-1835
2017-04-07 09:52:02,969 - org.eclipse.mylyn.bugzilla.ui - 3.20.0.v20160425-1835
2017-04-07 09:52:02,970 - org.eclipse.andmore.hierarchyviewer - 0.5.0.201605181018
2017-04-07 09:52:02,971 - org.eclipse.sequoyah.device.backward - 2.1.0.N20120718-0509
2017-04-07 09:52:02,971 - org.eclipse.sequoyah.device.framework - 2.1.0.N20120718-0509
2017-04-07 09:52:02,971 - org.eclipse.sequoyah.device.framework.ui - 2.1.0.N20120718-0509
2017-04-07 09:52:02,972 - org.eclipse.sequoyah.device.service.start - 2.1.0.N20120718-0509
2017-04-07 09:52:02,972 - org.eclipse.sequoyah.device.service.stop - 2.1.0.N20120718-0509
2017-04-07 09:52:02,972 - org.eclipse.sequoyah.device.framework.wizard - 2.1.0.N20120718-0509
2017-04-07 09:52:02,974 - org.eclipse.jpt.dbws.eclipselink.ui - 1.1.200.v201603180253
2017-04-07 09:52:02,974 - org.eclipse.jpt.dbws.eclipselink.core.gen - 1.1.200.v201603180253
2017-04-07 09:52:02,975 - javax.wsdl - 1.6.2.v201012040545
2017-04-07 09:52:02,975 - org.eclipse.persistence.dbws - 2.6.0.v20140809-296a69f
2017-04-07 09:52:02,976 - org.eclipse.persistence.dbws.builder - 2.6.0.v20140809-296a69f
2017-04-07 09:52:02,976 - org.eclipse.jpt.dbws.eclipselink.branding - 1.2.100.v201309202144
2017-04-07 09:52:02,991 - org.eclipse.mylyn.tasks.core - 3.20.0.v20160608-1838
2017-04-07 09:52:02,992 - org.eclipse.mylyn.tasks.index.core - 3.20.0.v20160425-1835
2017-04-07 09:52:02,992 - org.eclipse.mylyn.tasks.index.ui - 3.20.0.v20160425-1835
2017-04-07 09:52:02,992 - org.eclipse.mylyn.tasks.search - 3.20.0.v20160425-1835
2017-04-07 09:52:02,993 - org.eclipse.mylyn.tasks.ui - 3.20.0.v20160608-1838
2017-04-07 09:52:03,006 - org.eclipse.egit.core - 4.4.1.201607150455-r
2017-04-07 09:52:03,022 - org.eclipse.egit.ui - 4.4.1.201607150455-r
2017-04-07 09:52:03,022 - org.eclipse.egit - 4.4.1.201607150455-r
2017-04-07 09:52:03,038 - org.eclipse.egit.doc - 4.4.1.201607150455-r
2017-04-07 09:52:03,048 - org.eclipse.aether.maven - 3.1.0.v20140706-2237
2017-04-07 09:52:03,049 - org.eclipse.gef - 3.11.0.201606061308
2017-04-07 09:52:03,070 - org.eclipse.mylyn.commons.identity.core - 1.12.0.v20160421-1819
2017-04-07 09:52:03,072 - javax.persistence - 2.1.0.v201304241213
2017-04-07 09:52:03,072 - org.eclipse.jpt.jpa.annotate - 1.0.100.v201309261652
2017-04-07 09:52:03,073 - org.eclipse.jpt.jpa.core - 3.5.0.v201603181811
2017-04-07 09:52:03,073 - org.eclipse.jpt.jpa.db - 2.2.200.v201603180253
2017-04-07 09:52:03,073 - org.eclipse.jpt.jpa.db.ui - 2.1.200.v201603180253
2017-04-07 09:52:03,074 - org.eclipse.jpt.jpa.gen - 2.3.200.v201512212242
2017-04-07 09:52:03,074 - org.eclipse.jpt.jpa.ui - 3.4.100.v201603180253
2017-04-07 09:52:03,074 - org.eclipse.jpt.doc.user - 3.2.100.v201308231650
2017-04-07 09:52:03,075 - org.eclipse.persistence.jpa.jpql - 2.6.0.v20140809-296a69f
2017-04-07 09:52:03,075 - org.apache.commons.collections - 3.2.2.v201511171945
2017-04-07 09:52:03,075 - org.apache.commons.lang - 2.6.0.v201404270220
2017-04-07 09:52:03,075 - org.apache.velocity - 1.5.0.v200905192330
2017-04-07 09:52:03,075 - org.jdom - 1.1.1.v201101151400
2017-04-07 09:52:03,076 - org.eclipse.jpt.jpa.branding - 3.4.0.v201309202144
2017-04-07 09:52:03,094 - org.eclipse.oomph.p2 - 1.5.0.v20160707-0243
2017-04-07 09:52:03,095 - org.eclipse.oomph.p2.core - 1.5.0.v20160908-1742
2017-04-07 09:52:03,095 - org.eclipse.oomph.p2.edit - 1.5.0.v20160707-0243
2017-04-07 09:52:03,095 - org.eclipse.oomph.p2.ui - 1.5.0.v20160908-1742
2017-04-07 09:52:03,095 - org.eclipse.oomph.p2.doc - 1.5.0.v20160707-0243
2017-04-07 09:52:03,097 - org.eclipse.tm.terminal.view.core - 4.0.0.201512160834
2017-04-07 09:52:03,097 - org.eclipse.tm.terminal.view.ui - 4.1.0.201606052343
2017-04-07 09:52:03,098 - org.eclipse.emf.codegen.ui - 2.6.0.v20160526-0356
2017-04-07 09:52:03,099 - org.eclipse.datatools.enablement.sqlite - 1.1.0.201603142002
2017-04-07 09:52:03,099 - org.eclipse.datatools.enablement.sqlite.dbdefinition - 1.1.0.201603142002
2017-04-07 09:52:03,099 - org.eclipse.datatools.enablement.sqlite.ui - 1.1.0.201603142002
2017-04-07 09:52:03,100 - org.eclipse.datatools.enablement.finfo - 1.6.0.201603142002
2017-04-07 09:52:03,103 - org.eclipse.mylyn.commons.notifications.core - 1.12.0.v20160421-1819
2017-04-07 09:52:03,103 - org.eclipse.mylyn.commons.notifications.feed - 1.12.0.v20160421-1819
2017-04-07 09:52:03,104 - org.eclipse.mylyn.commons.notifications.ui - 1.12.0.v20160421-1819
2017-04-07 09:52:03,105 - org.eclipse.emf.converter - 2.7.0.v20160526-0356
2017-04-07 09:52:03,105 - org.eclipse.emf.importer - 2.9.0.v20160526-0356
2017-04-07 09:52:03,106 - org.eclipse.emf.exporter - 2.7.0.v20160526-0356
2017-04-07 09:52:03,106 - org.eclipse.emf.importer.ecore - 2.8.0.v20160526-0356
2017-04-07 09:52:03,106 - org.eclipse.emf.importer.java - 2.7.0.v20160526-0356
2017-04-07 09:52:03,106 - org.eclipse.emf.importer.rose - 2.8.0.v20160526-0356
2017-04-07 09:52:03,117 - org.eclipse.recommenders.rcp - 2.4.3.v20160913-0645
2017-04-07 09:52:03,118 - org.eclipse.recommenders.apidocs - 2.4.3.v20160913-0645
2017-04-07 09:52:03,128 - org.eclipse.recommenders.apidocs.rcp - 2.4.3.v20160913-0645
2017-04-07 09:52:03,129 - org.eclipse.recommenders.calls - 2.4.3.v20160913-0645
2017-04-07 09:52:03,130 - org.eclipse.recommenders.calls.rcp - 2.4.3.v20160913-0645
2017-04-07 09:52:03,130 - org.eclipse.recommenders.chain.rcp - 2.4.3.v20160913-0645
2017-04-07 09:52:03,130 - org.eclipse.recommenders.completion.rcp - 2.4.3.v20160913-0645
2017-04-07 09:52:03,130 - org.eclipse.recommenders.constructors - 2.4.3.v20160913-0645
2017-04-07 09:52:03,131 - org.eclipse.recommenders.constructors.rcp - 2.4.3.v20160913-0645
2017-04-07 09:52:03,131 - org.eclipse.recommenders.coordinates - 2.4.3.v20160913-0645
2017-04-07 09:52:03,131 - org.eclipse.recommenders.coordinates.rcp - 2.4.3.v20160913-0645
2017-04-07 09:52:03,131 - org.eclipse.recommenders.injection - 2.4.3.v20160913-0645
2017-04-07 09:52:03,132 - org.eclipse.recommenders.jayes - 2.4.3.v20160913-0645
2017-04-07 09:52:03,132 - org.eclipse.recommenders.jayes.io - 2.4.3.v20160913-0645
2017-04-07 09:52:03,132 - org.eclipse.recommenders.jdt - 2.4.3.v20160913-0645
2017-04-07 09:52:03,132 - org.eclipse.recommenders.models - 2.4.3.v20160913-0645
2017-04-07 09:52:03,133 - org.eclipse.recommenders.models.rcp - 2.4.3.v20160913-0645
2017-04-07 09:52:03,134 - org.eclipse.recommenders.net - 2.4.3.v20160913-0645
2017-04-07 09:52:03,134 - org.eclipse.recommenders.overrides - 2.4.3.v20160913-0645
2017-04-07 09:52:03,134 - org.eclipse.recommenders.overrides.rcp - 2.4.3.v20160913-0645
2017-04-07 09:52:03,134 - org.eclipse.recommenders.subwords.rcp - 2.4.3.v20160913-0645
2017-04-07 09:52:03,135 - org.eclipse.recommenders.types.rcp - 2.4.3.v20160913-0645
2017-04-07 09:52:03,135 - org.eclipse.recommenders.utils - 2.4.3.v20160913-0645
2017-04-07 09:52:03,135 - org.eclipse.recommenders.utils.rcp - 2.4.3.v20160913-0645
2017-04-07 09:52:03,136 - org.eclipse.epp.package.cpp - 4.6.1.20161007-1200
2017-04-07 09:52:03,137 - org.eclipse.datatools.enablement.postgresql.dbdefinition - 1.1.0.201603142002
2017-04-07 09:52:03,138 - org.eclipse.datatools.enablement.postgresql - 1.2.0.201603142002
2017-04-07 09:52:03,138 - org.eclipse.datatools.enablement.postgresql.ui - 1.1.0.201603142002
2017-04-07 09:52:03,138 - org.eclipse.datatools.enablement.finfo - 1.6.0.201603142002
2017-04-07 09:52:03,139 - org.eclipse.datatools.enablement.oda.ws.ui - 1.3.0.201603142002
2017-04-07 09:52:03,140 - org.eclipse.datatools.enablement.oda.xml.ui - 1.3.0.201603142002
2017-04-07 09:52:03,141 - org.eclipse.datatools.connectivity.oda.flatfile.ui - 3.2.0.201603142002
2017-04-07 09:52:03,142 - org.eclipse.datatools.connectivity.oda.design.ui - 3.3.0.201603142002
2017-04-07 09:52:03,142 - org.eclipse.datatools.connectivity.ui.dse - 1.2.0.201603142002
2017-04-07 09:52:03,143 - org.eclipse.datatools.connectivity.ui - 1.3.0.201603142002
2017-04-07 09:52:03,143 - org.eclipse.datatools.connectivity.sqm.core - 1.3.0.201603142002
2017-04-07 09:52:03,143 - org.eclipse.datatools.help - 1.6.0.201603142002
2017-04-07 09:52:03,147 - org.eclipse.php.core - 4.1.0.201609140517
2017-04-07 09:52:03,147 - org.eclipse.php.debug.core - 4.1.0.201609140517
2017-04-07 09:52:03,147 - org.eclipse.php.debug.ui - 4.1.0.201609140517
2017-04-07 09:52:03,148 - org.eclipse.php.server.core - 4.1.0.201609140517
2017-04-07 09:52:03,148 - org.eclipse.php.server.ui - 4.1.0.201609140517
2017-04-07 09:52:03,148 - org.eclipse.php.ui - 4.1.0.201609140517
2017-04-07 09:52:03,148 - org.eclipse.php.debug.daemon - 4.1.0.201609140517
2017-04-07 09:52:03,148 - org.eclipse.php.help - 4.1.0.201609140517
2017-04-07 09:52:03,149 - org.eclipse.php.core.parser - 4.1.0.201609140517
2017-04-07 09:52:03,149 - org.eclipse.php.formatter.core - 4.1.0.201609140517
2017-04-07 09:52:03,149 - org.eclipse.php.formatter.ui - 4.1.0.201609140517
2017-04-07 09:52:03,149 - org.eclipse.php.refactoring.core - 4.1.0.201609140517
2017-04-07 09:52:03,149 - org.eclipse.php.refactoring.ui - 4.1.0.201609140517
2017-04-07 09:52:03,151 - org.eclipse.cdt.mylyn.ui - 3.20.0.v20160421-1902
2017-04-07 09:52:03,152 - org.eclipse.m2e.wtp.jsf - 1.3.1.20160831-1005
2017-04-07 09:52:03,170 - ch.hsr.ifs.testframework - 5.0.0.201608180833
2017-04-07 09:52:03,170 - ch.hsr.ifs.cute.core - 5.0.0.201608180833
2017-04-07 09:52:03,170 - ch.hsr.ifs.cute.ui - 5.0.0.201608180833
2017-04-07 09:52:03,170 - ch.hsr.ifs.cute.cuteExtensions - 5.0.0.201608180833
2017-04-07 09:52:03,178 - ch.hsr.ifs.cute.help - 5.0.0.201608180833
2017-04-07 09:52:03,190 - ch.hsr.ifs.cute.tdd - 5.0.0.201608180833
2017-04-07 09:52:03,190 - ch.hsr.ifs.cute.headers - 5.0.0.201608180833
2017-04-07 09:52:03,192 - org.eclipse.datatools.connectivity.db.generic - 1.1.0.201603142002
2017-04-07 09:52:03,192 - org.eclipse.datatools.connectivity.db.generic.ui - 1.1.0.201603142002
2017-04-07 09:52:03,192 - org.eclipse.datatools.connectivity.dbdefinition.genericJDBC - 1.1.0.201603142002
2017-04-07 09:52:03,193 - org.eclipse.emf.mapping - 2.9.0.v20160526-0356
2017-04-07 09:52:03,194 - org.eclipse.wst.common.project.facet.core - 1.4.300.v201111030423
2017-04-07 09:52:03,194 - org.eclipse.wst.common.project.facet.ui - 1.4.600.v201505072140
2017-04-07 09:52:03,199 - org.eclipse.emf.ecore - 2.12.0.v20160420-0247
2017-04-07 09:52:03,199 - org.eclipse.emf.ecore.change - 2.11.0.v20160420-0247
2017-04-07 09:52:03,199 - org.eclipse.emf.ecore.xmi - 2.12.0.v20160420-0247
2017-04-07 09:52:03,200 - org.eclipse.datatools.intro - 1.7.0.v201005281800
2017-04-07 09:52:03,201 - org.eclipse.php.mylyn.ui - 4.1.0.201609140517
2017-04-07 09:52:03,201 - org.eclipse.jst.common.project.facet.core - 1.4.500.v201508121553
2017-04-07 09:52:03,202 - org.eclipse.jst.common.project.facet.ui - 1.4.510.v201501141810
2017-04-07 09:52:03,217 - org.eclipse.jgit - 4.4.1.201607150455-r
2017-04-07 09:52:03,217 - org.eclipse.jgit.archive - 4.4.1.201607150455-r
2017-04-07 09:52:03,217 - com.jcraft.jsch - 0.1.53.v201508180515
2017-04-07 09:52:03,218 - javaewah - 0.7.9.v201605172130
2017-04-07 09:52:03,218 - org.apache.commons.compress - 1.6.0.v201310281400
2017-04-07 09:52:03,219 - org.slf4j.api - 1.7.2.v20121108-1250
2017-04-07 09:52:03,219 - org.slf4j.impl.log4j12 - 1.7.2.v20131105-2200
2017-04-07 09:52:03,219 - org.apache.log4j - 1.2.15.v201012070815
2017-04-07 09:52:03,226 - org.eclipse.mylyn.wikitext.core - 2.9.0.v20160513-1433
2017-04-07 09:52:03,226 - org.eclipse.mylyn.wikitext.core.ant - 2.9.0.v20160513-1433
2017-04-07 09:52:03,227 - org.eclipse.mylyn.wikitext.core.osgi - 2.9.0.v20160513-1433
2017-04-07 09:52:03,227 - org.eclipse.mylyn.wikitext.textile.core - 2.9.0.v20160513-1433
2017-04-07 09:52:03,227 - org.eclipse.mylyn.wikitext.html.core - 2.9.0.v20160513-1433
2017-04-07 09:52:03,227 - org.eclipse.mylyn.wikitext.markdown.core - 2.9.0.v20160513-1433
2017-04-07 09:52:03,227 - org.eclipse.mylyn.wikitext.mediawiki.core - 2.9.0.v20160513-1433
2017-04-07 09:52:03,228 - org.eclipse.mylyn.wikitext.mediawiki.core.ant - 2.9.0.v20160513-1433
2017-04-07 09:52:03,228 - org.eclipse.mylyn.wikitext.confluence.core - 2.9.0.v20160513-1433
2017-04-07 09:52:03,228 - org.eclipse.mylyn.wikitext.tracwiki.core - 2.9.0.v20160513-1433
2017-04-07 09:52:03,228 - org.eclipse.mylyn.wikitext.twiki.core - 2.9.0.v20160519-0832
2017-04-07 09:52:03,229 - org.eclipse.mylyn.wikitext.ui - 2.9.0.v20160516-1547
2017-04-07 09:52:03,229 - org.eclipse.mylyn.wikitext.help.ui - 2.9.0.v20160524-0547
2017-04-07 09:52:03,229 - org.eclipse.mylyn.wikitext.textile.ui - 2.9.0.v20160513-1433
2017-04-07 09:52:03,229 - org.eclipse.mylyn.wikitext.markdown.ui - 2.9.0.v20160513-1433
2017-04-07 09:52:03,229 - org.eclipse.mylyn.wikitext.mediawiki.ui - 2.9.0.v20160513-1433
2017-04-07 09:52:03,229 - org.eclipse.mylyn.wikitext.confluence.ui - 2.9.0.v20160513-1433
2017-04-07 09:52:03,230 - org.eclipse.mylyn.wikitext.tracwiki.ui - 2.9.0.v20160513-1433
2017-04-07 09:52:03,230 - org.eclipse.mylyn.wikitext.twiki.ui - 2.9.0.v20160513-1433
2017-04-07 09:52:03,230 - org.eclipse.mylyn.wikitext.tasks.ui - 2.9.0.v20160513-1433
2017-04-07 09:52:03,237 - org.eclipse.mylyn.wikitext.context.ui - 2.9.0.v20160513-1433
2017-04-07 09:52:03,238 - org.eclipse.mylyn.wikitext.asciidoc.core - 2.9.0.v20160524-1633
2017-04-07 09:52:03,238 - org.eclipse.mylyn.wikitext.asciidoc.ui - 2.9.0.v20160516-1451
2017-04-07 09:52:03,239 - org.eclipse.jpt.jaxb.core - 1.4.100.v201603180253
2017-04-07 09:52:03,240 - org.eclipse.jpt.jaxb.core.schemagen - 1.1.200.v201603180253
2017-04-07 09:52:03,240 - org.eclipse.jpt.jaxb.ui - 1.5.100.v201603180253
2017-04-07 09:52:03,240 - org.eclipse.jpt.jaxb.branding - 1.4.0.v201309202144
2017-04-07 09:52:03,241 - org.eclipse.emf.mapping.ecore.editor - 2.6.0.v20160526-0356
2017-04-07 09:52:03,241 - org.eclipse.emf.mapping.ecore2ecore.editor - 2.7.0.v20160526-0356
2017-04-07 09:52:03,241 - org.eclipse.emf.mapping.ecore2xml.ui - 2.8.0.v20160526-0356
2017-04-07 09:52:03,242 - org.eclipse.datatools.enablement.finfo - 1.6.0.201603142002
2017-04-07 09:52:03,242 - org.eclipse.datatools.sqltools.db.derby.ui - 1.1.0.201603142002
2017-04-07 09:52:03,242 - org.eclipse.datatools.sqltools.db.generic.ui - 1.1.0.201603142002
2017-04-07 09:52:03,243 - org.eclipse.datatools.enablement.jdt.classpath - 1.1.0.201603142002
2017-04-07 09:52:03,258 - org.eclipse.mylyn.discovery.core - 3.20.0.v20160421-1819
2017-04-07 09:52:03,258 - org.eclipse.mylyn.discovery.ui - 3.20.0.v20160421-1819
2017-04-07 09:52:03,259 - org.eclipse.datatools.enablement.mysql.dbdefinition - 1.1.0.201603142002
2017-04-07 09:52:03,259 - org.eclipse.datatools.enablement.mysql - 1.1.0.201603142002
2017-04-07 09:52:03,259 - org.eclipse.datatools.enablement.mysql.ui - 1.1.0.201603142002
2017-04-07 09:52:03,259 - org.eclipse.datatools.enablement.finfo - 1.6.0.201603142002
2017-04-07 09:52:03,282 - org.eclipse.datatools.enablement.msft.sqlserver.dbdefinition - 1.1.0.201603142002
2017-04-07 09:52:03,283 - org.eclipse.datatools.enablement.msft.sqlserver - 1.1.0.201603142002
2017-04-07 09:52:03,283 - org.eclipse.datatools.enablement.msft.sqlserver.ui - 1.1.0.201603142002
2017-04-07 09:52:03,283 - org.eclipse.datatools.enablement.finfo - 1.6.0.201603142002
2017-04-07 09:52:03,295 - org.eclipse.mylyn.versions.core - 1.12.0.v20160421-1824
2017-04-07 09:52:03,295 - org.eclipse.mylyn.versions.ui - 1.12.0.v20160421-1824
2017-04-07 09:52:03,296 - org.eclipse.egit.gitflow - 4.4.1.201607150455-r
2017-04-07 09:52:03,297 - org.eclipse.egit.gitflow.ui - 4.4.1.201607150455-r
2017-04-07 09:52:03,299 - org.eclipse.wst.jsdt.chromium.debug.core - 0.5.0.v201608251013
2017-04-07 09:52:03,299 - org.eclipse.wst.jsdt.chromium.debug.ui - 0.6.0.v201608251013
2017-04-07 09:52:03,299 - org.eclipse.wst.jsdt.chromium.debug.js - 0.1.0.v201608311919
2017-04-07 09:52:03,299 - org.eclipse.wst.jsdt.chromium.debug - 0.4.0.v201605131737
2017-04-07 09:52:03,326 - org.eclipse.wst.jsdt.chromium - 0.4.0.v201608161838
2017-04-07 09:52:03,326 - org.eclipse.wst.jsdt.chromium.debug.jsdtbridge - 0.4.0.v201608251013
2017-04-07 09:52:03,326 - org.eclipse.wst.jsdt.chromium.wip.eclipse - 0.4.0.v201605131737
2017-04-07 09:52:03,327 - org.eclipse.wst.jsdt.chromium.wipbackend.dev - 0.4.0.v201609071943
2017-04-07 09:52:03,327 - org.eclipse.wst.jsdt.chromium.wipbackend.protocol_1_0 - 0.4.0.v201605311527
2017-04-07 09:52:03,328 - org.eclipse.sequoyah.localization.android - 2.1.0.N20120718-0509
2017-04-07 09:52:03,328 - org.eclipse.sequoyah.localization.android.help - 2.1.1.N20120718-0509
2017-04-07 09:52:03,329 - org.eclipse.m2e.wtp.jpa - 1.3.1.20160831-1005
2017-04-07 09:52:03,330 - org.eclipse.jst.ws.jaxws.core - 1.0.403.v201602092125
2017-04-07 09:52:03,330 - org.eclipse.jst.ws.jaxws.ui - 1.0.401.v201504291921
2017-04-07 09:52:03,330 - javax.xml.ws - 2.1.0.v200902101523
2017-04-07 09:52:03,331 - javax.jws - 2.0.0.v201005080400
2017-04-07 09:52:03,331 - org.eclipse.jst.ws.annotations.core - 1.2.200.v201311102023
2017-04-07 09:52:03,331 - javax.xml.stream - 1.0.1.v201004272200
2017-04-07 09:52:03,331 - org.eclipse.jst.ws.jaxb.core - 1.0.200.v201309232152
2017-04-07 09:52:03,331 - javax.wsdl - 1.6.2.v201012040545
2017-04-07 09:52:03,331 - org.jdom - 1.1.1.v201101151400
2017-04-07 09:52:03,332 - org.eclipse.datatools.connectivity.doc.user.contexts - 1.7.0.20090521092446
2017-04-07 09:52:03,332 - org.eclipse.datatools.connectivity.doc.user - 1.7.0.20090521092446
2017-04-07 09:52:03,347 - org.eclipse.mylyn.tasks.bugs - 3.20.0.v20160425-1835
2017-04-07 09:52:03,347 - org.eclipse.mylyn.help.ui - 3.20.0.v20160425-1835
2017-04-07 09:52:03,348 - org.eclipse.cdt.build.crossgcc - 1.1.0.201609121658
2017-04-07 09:52:03,349 - org.eclipse.emf.edit - 2.12.0.v20160526-0356
2017-04-07 09:52:03,356 - org.eclipse.mylyn.commons.core - 3.20.0.v20160421-1819
2017-04-07 09:52:03,357 - org.eclipse.mylyn.commons.screenshots - 3.20.0.v20160421-1819
2017-04-07 09:52:03,357 - org.eclipse.mylyn.commons.ui - 3.20.0.v20160421-1819
2017-04-07 09:52:03,357 - org.eclipse.mylyn.commons.workbench - 3.20.0.v20160421-1819
2017-04-07 09:52:03,359 - org.eclipse.mylyn.bugzilla.ide - 3.20.0.v20160421-1902
2017-04-07 09:52:03,359 - org.eclipse.mylyn.ide.ui - 3.20.0.v20160421-1902
2017-04-07 09:52:03,376 - org.eclipse.wst.json.ui - 1.0.0.v201512211354
2017-04-07 09:52:03,376 - org.eclipse.wst.json.bower.ui - 1.0.0.v201512211354
2017-04-07 09:52:03,377 - org.eclipse.wst.json.eslint.ui - 1.0.0.v201512211354
2017-04-07 09:52:03,377 - org.eclipse.wst.json.jshint.ui - 1.0.0.v201512211354
2017-04-07 09:52:03,377 - org.eclipse.wst.json.npm.ui - 1.0.0.v201512211354
2017-04-07 09:52:03,377 - org.eclipse.emf.databinding.edit - 1.3.0.v20160526-0356
2017-04-07 09:52:03,378 - org.eclipse.emf.codegen.ecore - 2.12.0.v20160526-0356
2017-04-07 09:52:03,378 - org.eclipse.emf.ant - 2.8.0.v20160526-0356
2017-04-07 09:52:03,501 - org.eclipse.m2e.archetype.common - 1.7.0.20160603-1931
2017-04-07 09:52:03,573 - org.eclipse.m2e.maven.indexer - 1.7.0.20160603-1931
2017-04-07 09:52:03,574 - org.eclipse.m2e.model.edit - 1.7.0.20160603-1933
2017-04-07 09:52:03,574 - org.eclipse.m2e.core - 1.7.0.20160603-1933
2017-04-07 09:52:03,574 - org.eclipse.m2e.launching - 1.7.0.20160603-1933
2017-04-07 09:52:03,574 - org.eclipse.m2e.workspace.cli - 0.3.1
2017-04-07 09:52:03,574 - org.eclipse.m2e.jdt - 1.7.0.20160603-1933
2017-04-07 09:52:03,574 - org.eclipse.m2e.editor - 1.7.0.20160603-1933
2017-04-07 09:52:03,575 - org.eclipse.m2e.editor.xml - 1.7.0.20160603-1933
2017-04-07 09:52:03,736 - org.eclipse.m2e.maven.runtime - 1.7.0.20160603-1931
2017-04-07 09:52:03,754 - org.eclipse.m2e.maven.runtime.slf4j.simple - 1.7.0.20160603-1931
2017-04-07 09:52:03,755 - org.eclipse.m2e.refactoring - 1.7.0.20160603-1933
2017-04-07 09:52:03,755 - org.eclipse.m2e.lifecyclemapping.defaults - 1.7.0.20160603-1933
2017-04-07 09:52:03,755 - org.eclipse.m2e.discovery - 1.7.0.20160603-1933
2017-04-07 09:52:03,770 - org.eclipse.m2e.core.ui - 1.7.0.20160603-1933
2017-04-07 09:52:03,770 - org.eclipse.m2e.scm - 1.7.0.20160603-1933
2017-04-07 09:52:03,770 - org.eclipse.m2e.jdt.ui - 1.7.0.20160603-1933
2017-04-07 09:52:03,771 - org.eclipse.m2e.profiles.core - 1.7.0.20160603-1933
2017-04-07 09:52:03,771 - org.eclipse.m2e.profiles.ui - 1.7.0.20160603-1933
2017-04-07 09:52:03,771 - org.eclipse.m2e.importer - 1.7.0.20160603-1933
2017-04-07 09:52:03,772 - org.eclipse.andmore.ndk - 0.5.0.201605181018
2017-04-07 09:52:03,772 - org.eclipse.datatools.connectivity.oda.consumer - 3.3.0.201603142002
2017-04-07 09:52:03,773 - org.eclipse.datatools.connectivity.oda.design - 3.4.0.201603142002
2017-04-07 09:52:03,773 - org.eclipse.datatools.connectivity.oda.profile - 3.3.0.201603142002
2017-04-07 09:52:03,773 - org.eclipse.datatools.connectivity.oda - 3.5.0.201603142002
2017-04-07 09:52:03,773 - org.eclipse.datatools.connectivity - 1.13.0.201603142002
2017-04-07 09:52:04,096 - org.eclipse.cft.server.core - 1.1.0.v201608300659
2017-04-07 09:52:04,096 - org.eclipse.cft.server.branding.core - 1.0.2.v201608300659
2017-04-07 09:52:04,134 - org.eclipse.cft.server.standalone.core - 1.0.4.v201608300659
2017-04-07 09:52:04,153 - org.eclipse.mylyn.git.core - 1.12.0.v20160421-1824
2017-04-07 09:52:04,153 - org.eclipse.mylyn.git.ui - 1.12.0.v20160421-1824
2017-04-07 09:52:04,154 - org.eclipse.andmore.android.certmanager - 0.5.0.201605181018
2017-04-07 09:52:04,166 - org.eclipse.epp.package.java - 4.6.1.20161007-1200
2017-04-07 09:52:04,166 - org.eclipse.sequoyah.localization.tools - 2.1.0.N20120718-0509
2017-04-07 09:52:04,167 - org.eclipse.sequoyah.localization.editor - 2.1.0.N20120718-0509
2017-04-07 09:52:04,182 - org.eclipse.mylyn.team.ui - 3.20.0.v20160421-1902
2017-04-07 09:52:04,182 - org.eclipse.emf.common.ui - 2.11.0.v20160526-0356
2017-04-07 09:52:04,183 - org.eclipse.sequoyah.device.common.utilities - 2.1.0.N20120718-0509
2017-04-07 09:52:04,183 - org.eclipse.emf.mapping.ui - 2.7.0.v20160526-0356
2017-04-07 09:52:04,184 - org.apache.commons.net - 3.2.0.v201305141515
2017-04-07 09:52:04,184 - org.eclipse.rse.connectorservice.telnet - 1.2.300.201505220524
2017-04-07 09:52:04,184 - org.eclipse.rse.services.telnet - 2.0.400.201403100950
2017-04-07 09:52:04,185 - org.eclipse.rse.subsystems.shells.telnet - 1.2.300.201403100950
2017-04-07 09:52:04,185 - org.eclipse.datatools.connectivity.oda.template.ui - 3.3.0.201603142002
2017-04-07 09:52:04,186 - org.eclipse.datatools.enablement.ibm - 1.1.0.201603142002
2017-04-07 09:52:04,186 - org.eclipse.datatools.enablement.ibm.db2 - 1.1.0.201603142002
2017-04-07 09:52:04,186 - org.eclipse.datatools.enablement.ibm.db2.iseries.dbdefinition - 1.1.0.201603142002
2017-04-07 09:52:04,186 - org.eclipse.datatools.enablement.ibm.db2.iseries - 1.1.0.201603142002
2017-04-07 09:52:04,187 - org.eclipse.datatools.enablement.ibm.db2.iseries.ui - 1.1.0.201603142002
2017-04-07 09:52:04,187 - org.eclipse.datatools.enablement.ibm.db2.luw.dbdefinition - 1.1.0.201603142002
2017-04-07 09:52:04,187 - org.eclipse.datatools.enablement.ibm.db2.luw - 1.1.0.201603142002
2017-04-07 09:52:04,187 - org.eclipse.datatools.enablement.ibm.db2.luw.ui - 1.1.0.201603142002
2017-04-07 09:52:04,187 - org.eclipse.datatools.enablement.ibm.db2.zseries.dbdefinition - 1.1.0.201603142002
2017-04-07 09:52:04,187 - org.eclipse.datatools.enablement.ibm.db2.zseries - 1.1.0.201603142002
2017-04-07 09:52:04,188 - org.eclipse.datatools.enablement.ibm.db2.zseries.ui - 1.1.0.201603142002
2017-04-07 09:52:04,188 - org.eclipse.datatools.enablement.ibm.informix.dbdefinition - 1.1.0.201603142002
2017-04-07 09:52:04,188 - org.eclipse.datatools.enablement.ibm.informix - 1.1.0.201603142002
2017-04-07 09:52:04,188 - org.eclipse.datatools.enablement.ibm.informix.ui - 1.1.0.201603142002
2017-04-07 09:52:04,188 - org.eclipse.datatools.enablement.ibm.ui - 1.1.0.201603142002
2017-04-07 09:52:04,189 - org.eclipse.cdt.launch.remote - 2.5.0.201609121658
2017-04-07 09:52:04,190 - org.eclipse.rse.core - 3.3.100.201603151753
2017-04-07 09:52:04,190 - org.eclipse.rse.doc.user - 3.4.100.201403101646
2017-04-07 09:52:04,190 - org.eclipse.rse.efs - 2.1.401.201507172212
2017-04-07 09:52:04,190 - org.eclipse.rse.efs.ui - 2.1.400.201403100950
2017-04-07 09:52:04,190 - org.eclipse.rse.importexport - 1.2.300.201403100950
2017-04-07 09:52:04,191 - org.eclipse.rse.files.ui - 3.2.200.201507172213
2017-04-07 09:52:04,191 - org.eclipse.rse.processes.ui - 3.0.400.201403100950
2017-04-07 09:52:04,191 - org.eclipse.rse.services - 3.3.0.201506120731
2017-04-07 09:52:04,191 - org.eclipse.rse.shells.ui - 3.0.500.201403271554
2017-04-07 09:52:04,191 - org.eclipse.rse.subsystems.files.core - 3.3.1.201403100950
2017-04-07 09:52:04,192 - org.eclipse.rse.subsystems.processes.core - 3.1.300.201403100950
2017-04-07 09:52:04,192 - org.eclipse.rse.subsystems.processes.shell.linux - 1.1.400.201403100950
2017-04-07 09:52:04,192 - org.eclipse.rse.subsystems.shells.core - 3.1.300.201403271554
2017-04-07 09:52:04,192 - org.eclipse.rse.ui - 3.3.200.201601281257
2017-04-07 09:52:04,193 - org.eclipse.jpt.common.eclipselink.core - 1.3.200.v201603180253
2017-04-07 09:52:04,193 - org.eclipse.jpt.common.eclipselink.branding - 1.3.100.v201309202144
2017-04-07 09:52:04,194 - org.eclipse.datatools.connectivity.sqm.core.ui - 1.3.0.201603142002
2017-04-07 09:52:04,194 - org.eclipse.datatools.connectivity.sqm.core - 1.3.0.201603142002
2017-04-07 09:52:04,194 - org.eclipse.datatools.connectivity.sqm.server.ui - 1.2.0.201603142002
2017-04-07 09:52:04,194 - org.eclipse.datatools.connectivity.ui.dse - 1.2.0.201603142002
2017-04-07 09:52:04,194 - org.eclipse.datatools.connectivity.ui - 1.3.0.201603142002
2017-04-07 09:52:04,194 - org.eclipse.datatools.connectivity - 1.13.0.201603142002
2017-04-07 09:52:04,194 - org.eclipse.datatools.help - 1.6.0.201603142002
2017-04-07 09:52:04,194 - org.eclipse.datatools.connectivity.console.profile - 1.1.0.201603142002
2017-04-07 09:52:04,195 - org.eclipse.wst.jsdt.core - 2.0.0.v201608251059
2017-04-07 09:52:04,196 - org.eclipse.wst.jsdt.nashorn.extension - 1.0.0.v201605131737
2017-04-07 09:52:04,196 - org.eclipse.wst.jsdt.manipulation - 1.0.601.v201602241911
2017-04-07 09:52:04,196 - org.eclipse.wst.jsdt.ui - 2.0.0.v201608301904
2017-04-07 09:52:04,196 - org.eclipse.wst.jsdt.support.firefox - 1.0.501.v201602241911
2017-04-07 09:52:04,196 - org.eclipse.wst.jsdt.support.ie - 1.0.601.v201602241911
2017-04-07 09:52:04,196 - org.eclipse.wst.jsdt.doc - 1.4.101.v201507140011
2017-04-07 09:52:04,197 - org.eclipse.wst.jsdt.debug.core - 3.1.300.v201607272142
2017-04-07 09:52:04,197 - org.eclipse.wst.jsdt.debug.transport - 1.0.300.v201502261613
2017-04-07 09:52:04,197 - org.eclipse.wst.jsdt.debug.crossfire - 1.0.500.v201505071819
2017-04-07 09:52:04,197 - org.eclipse.wst.jsdt.debug.rhino - 1.0.500.v201605251607
2017-04-07 09:52:04,197 - org.eclipse.wst.jsdt.debug.rhino.debugger - 1.0.600.v201604292217
2017-04-07 09:52:04,198 - org.eclipse.wst.jsdt.debug.ui - 1.0.600.v201605311817
2017-04-07 09:52:04,198 - org.mozilla.javascript - 1.7.5.v201504281450
2017-04-07 09:52:04,211 - org.eclipse.buildship.core - 1.0.18.v20160817-1550
2017-04-07 09:52:04,211 - org.eclipse.buildship.ui - 1.0.18.v20160817-1550
2017-04-07 09:52:04,211 - org.eclipse.buildship.branding - 1.0.18.v20160817-1550
2017-04-07 09:52:04,211 - org.eclipse.buildship.stsmigration - 1.0.18.v20160817-1550
2017-04-07 09:52:04,212 - org.eclipse.datatools.common.doc.user - 1.7.0.20090521092446
2017-04-07 09:52:04,213 - org.eclipse.wst.jsdt.web.core - 1.0.801.v201602241914
2017-04-07 09:52:04,213 - org.eclipse.wst.jsdt.web.ui - 1.0.801.v201602241914
2017-04-07 09:52:04,213 - org.eclipse.wst.html.ui.infopop - 1.0.201.v201409111852
2017-04-07 09:52:04,213 - org.eclipse.wst.web.ui.infopop - 1.0.300.v200805140206
2017-04-07 09:52:04,213 - org.eclipse.wst.css.ui - 1.0.1001.v201608060346
2017-04-07 09:52:04,214 - org.eclipse.wst.html.ui - 1.0.1101.v201608060430
2017-04-07 09:52:04,214 - org.eclipse.wst.web.ui - 1.1.601.v201602221748
2017-04-07 09:52:04,214 - org.eclipse.rse - 3.5.0.201403100950
2017-04-07 09:52:04,215 - org.eclipse.rse.services.local - 2.2.1.201507180454
2017-04-07 09:52:04,215 - org.eclipse.rse.subsystems.files.local - 2.1.300.201403251512
2017-04-07 09:52:04,215 - org.eclipse.rse.subsystems.processes.local - 2.1.400.201403100950
2017-04-07 09:52:04,216 - org.eclipse.rse.subsystems.shells.local - 2.1.400.201403100950
2017-04-07 09:52:04,216 - org.eclipse.rse.connectorservice.local - 2.1.400.201403100950
2017-04-07 09:52:04,217 - org.eclipse.datatools.enablement.hsqldb - 1.1.0.201603142002
2017-04-07 09:52:04,217 - org.eclipse.datatools.enablement.hsqldb.dbdefinition - 1.1.0.201603142002
2017-04-07 09:52:04,228 - org.eclipse.datatools.enablement.hsqldb.ui - 1.1.0.201603142002
2017-04-07 09:52:04,228 - org.eclipse.datatools.enablement.finfo - 1.6.0.201603142002
2017-04-07 09:52:04,231 - org.eclipse.datatools.sqltools.doc.user - 1.7.0.20090521092446
2017-04-07 09:52:04,232 - org.eclipse.datatools.sqltools.doc.user.contexts - 1.7.0.20090521092446
2017-04-07 09:52:04,232 - org.eclipse.m2e.wtp - 1.3.1.20160831-1005
2017-04-07 09:52:04,234 - org.eclipse.m2e.wtp.overlay - 1.3.1.20160831-1005
2017-04-07 09:52:04,234 - org.eclipse.m2e.wtp.overlay.ui - 1.3.1.20160831-1005
2017-04-07 09:52:04,236 - org.eclipse.jpt.common.utility - 2.4.0.v201603181811
2017-04-07 09:52:04,236 - org.eclipse.jpt.common.core - 1.5.0.v201603181811
2017-04-07 09:52:04,236 - org.eclipse.jpt.common.ui - 1.4.100.v201603180253
2017-04-07 09:52:04,236 - org.eclipse.jpt.common.branding - 1.4.0.v201309202144
2017-04-07 09:52:04,237 - org.eclipse.emf.edit.ui - 2.12.0.v20160526-0356
2017-04-07 09:52:04,249 - org.eclipse.help - 3.7.0.v20160602-1307
2017-04-07 09:52:04,249 - org.eclipse.ui - 3.108.0.v20160518-1929
2017-04-07 09:52:04,250 - org.eclipse.ui.workbench - 3.108.1.v20160819-2118
2017-04-07 09:52:04,250 - org.eclipse.update.configurator - 3.3.400.v20160506-0750
2017-04-07 09:52:04,250 - org.eclipse.rcp - 4.6.1.v20160907-1200
2017-04-07 09:52:04,251 - org.eclipse.persistence.moxy - 2.6.0.v20130815-a4708b6
2017-04-07 09:52:04,251 - org.eclipse.jpt.jaxb.eclipselink.core - 1.3.200.v201603180253
2017-04-07 09:52:04,251 - org.eclipse.jpt.jaxb.eclipselink.ui - 1.4.200.v201603180253
2017-04-07 09:52:04,251 - org.eclipse.jpt.jaxb.eclipselink.core.schemagen - 1.2.200.v201603180253
2017-04-07 09:52:04,251 - org.eclipse.jpt.jaxb.eclipselink.branding - 1.4.100.v201309202144
2017-04-07 09:52:04,260 - org.eclipse.mylyn.commons.repositories.http.core - 1.12.0.v20160421-1819
2017-04-07 09:52:04,260 - org.eclipse.datatools.connectivity.apache.derby.dbdefinition - 1.1.0.201603142002
2017-04-07 09:52:04,261 - org.eclipse.datatools.connectivity.apache.derby.ui - 1.1.0.201603142002
2017-04-07 09:52:04,261 - org.eclipse.datatools.connectivity.apache.derby - 1.1.0.201603142002
2017-04-07 09:52:04,261 - org.eclipse.datatools.modelbase.derby - 1.1.0.201603142002
2017-04-07 09:52:04,261 - org.eclipse.datatools.sqltools.db.derby - 1.1.0.201603142002
2017-04-07 09:52:04,262 - org.eclipse.mylyn.github.core - 4.4.0.201606070830-r
2017-04-07 09:52:04,262 - org.eclipse.mylyn.github.ui - 4.4.0.201606070830-r
2017-04-07 09:52:04,262 - org.eclipse.egit.github.core - 4.4.0.201606070830-r
2017-04-07 09:52:04,262 - com.google.gson - 2.2.4.v201311231704
2017-04-07 09:52:04,262 - org.eclipse.mylyn.github.doc - 4.4.0.201606070830-r
2017-04-07 09:52:04,268 - org.eclipse.jdt - 3.12.1.v20160907-1200
2017-04-07 09:52:04,278 - org.eclipse.ant.ui - 3.6.200.v20160525-1820
2017-04-07 09:52:04,278 - org.eclipse.jdt.apt.core - 3.4.100.v20160525-0952
2017-04-07 09:52:04,279 - org.eclipse.jdt.apt.ui - 3.4.100.v20160418-1457
2017-04-07 09:52:04,279 - org.eclipse.jdt.apt.pluggable.core - 1.1.100.v20160418-1457
2017-04-07 09:52:04,279 - org.eclipse.jdt.compiler.apt - 1.2.100.v20160418-1457
2017-04-07 09:52:04,287 - org.eclipse.jdt.compiler.tool - 1.1.100.v20160418-1457
2017-04-07 09:52:04,287 - org.eclipse.jdt.core - 3.12.1.v20160829-0950
2017-04-07 09:52:04,288 - org.eclipse.jdt.annotation - 2.1.0.v20160418-1457
2017-04-07 09:52:04,288 - org.eclipse.jdt.annotation - 2.1.0.v20160418-1457
2017-04-07 09:52:04,288 - org.eclipse.jdt.core.manipulation - 1.7.0.v20160419-0705
2017-04-07 09:52:04,288 - org.eclipse.jdt.debug.ui - 3.7.201.v20160811-0450
2017-04-07 09:52:04,332 - org.eclipse.jdt.debug - 3.10.1.v20160811-0441
2017-04-07 09:52:04,333 - org.eclipse.jdt.junit - 3.9.0.v20160421-1701
2017-04-07 09:52:04,333 - org.eclipse.jdt.junit.core - 3.8.0.v20160421-1701
2017-04-07 09:52:04,333 - org.eclipse.jdt.junit.runtime - 3.4.600.v20160505-0715
2017-04-07 09:52:04,333 - org.eclipse.jdt.junit4.runtime - 1.1.600.v20160505-0715
2017-04-07 09:52:04,333 - org.eclipse.jdt.launching - 3.8.100.v20160505-0636
2017-04-07 09:52:04,348 - org.eclipse.jdt.ui - 3.12.1.v20160822-0645
2017-04-07 09:52:04,375 - org.junit - 4.12.0.v201504281640
2017-04-07 09:52:04,375 - org.hamcrest.core - 1.3.0.v201303031735
2017-04-07 09:52:04,387 - org.eclipse.jdt.doc.user - 3.12.1.v20160727-2009
2017-04-07 09:52:04,387 - org.eclipse.ant.launching - 1.1.200.v20160418-1631
2017-04-07 09:52:04,473 - org.eclipse.emf.common - 2.12.0.v20160420-0247
2017-04-07 09:52:04,474 - org.eclipse.sequoyah.vnc.vncviewer.vncviews - 2.1.0.N20120718-0509
2017-04-07 09:52:04,494 - org.eclipse.egit.mylyn.ui - 4.4.1.201607150455-r
2017-04-07 09:52:04,494 - org.eclipse.datatools.enablement.sybase.asa.models - 1.1.0.201603142002
2017-04-07 09:52:04,495 - org.eclipse.datatools.enablement.sybase.ase.models - 1.1.0.201603142002
2017-04-07 09:52:04,495 - org.eclipse.datatools.enablement.sybase.asa - 1.1.0.201603142002
2017-04-07 09:52:04,495 - org.eclipse.datatools.enablement.sybase.ase - 1.1.0.201603142002
2017-04-07 09:52:04,495 - org.eclipse.datatools.enablement.sybase.ase.dbdefinition - 1.1.0.201603142002
2017-04-07 09:52:04,495 - org.eclipse.datatools.enablement.sybase.asa.dbdefinition - 1.1.0.201603142002
2017-04-07 09:52:04,495 - org.eclipse.datatools.enablement.sybase.asa.ui - 1.1.0.201603142002
2017-04-07 09:52:04,495 - org.eclipse.datatools.enablement.sybase.ase.ui - 1.1.0.201603142002
2017-04-07 09:52:04,495 - org.eclipse.datatools.enablement.sybase - 1.1.0.201603142002
2017-04-07 09:52:04,496 - org.eclipse.datatools.enablement.sybase.models - 1.1.0.201603142002
2017-04-07 09:52:04,496 - org.eclipse.datatools.enablement.sybase.ui - 1.1.0.201603142002
2017-04-07 09:52:04,496 - org.eclipse.datatools.enablement.sybase.asa.schemaobjecteditor.examples - 2.6.0.200810071
2017-04-07 09:52:04,497 - org.jdom - 1.1.1.v201101151400
2017-04-07 09:52:04,497 - org.eclipse.jst.ws.cxf.consumption.core - 1.0.300.v201309232152
2017-04-07 09:52:04,497 - org.eclipse.jst.ws.cxf.consumption.ui - 1.0.300.v201309232152
2017-04-07 09:52:04,497 - org.eclipse.jst.ws.cxf.core - 1.1.200.v201404292022
2017-04-07 09:52:04,497 - org.eclipse.jst.ws.cxf.creation.core - 1.0.401.v201408111743
2017-04-07 09:52:04,497 - org.eclipse.jst.ws.cxf.creation.ui - 1.0.300.v201403242125
2017-04-07 09:52:04,498 - org.eclipse.jst.ws.cxf.ui - 1.0.300.v201309232152
2017-04-07 09:52:04,498 - javax.wsdl - 1.6.2.v201012040545
2017-04-07 09:52:04,498 - javax.jws - 2.0.0.v201005080400
2017-04-07 09:52:04,498 - javax.xml.stream - 1.0.1.v201004272200
2017-04-07 09:52:04,498 - javax.xml.ws - 2.1.0.v200902101523
2017-04-07 09:52:04,498 - org.eclipse.epp.package.php - 4.6.1.20161007-1200
2017-04-07 09:52:04,499 - org.eclipse.datatools.sqltools.common.ui - 1.1.0.201603142002
2017-04-07 09:52:04,499 - org.eclipse.datatools.sqltools.debugger.core - 1.1.0.201603142002
2017-04-07 09:52:04,499 - org.eclipse.datatools.sqltools.editor.core - 1.1.0.201603142002
2017-04-07 09:52:04,499 - org.eclipse.datatools.sqltools.plan - 1.1.0.201603142002
2017-04-07 09:52:04,499 - org.eclipse.datatools.sqltools.routineeditor - 1.1.0.201603142002
2017-04-07 09:52:04,500 - org.eclipse.datatools.sqltools.sql - 1.1.0.201603142002
2017-04-07 09:52:04,500 - org.eclipse.datatools.sqltools.sqleditor - 1.1.0.201603142002
2017-04-07 09:52:04,500 - org.eclipse.datatools.sqltools.sqlscrapbook - 1.1.0.201603142002
2017-04-07 09:52:04,500 - org.eclipse.datatools.help - 1.6.0.201603142002
2017-04-07 09:52:04,500 - org.eclipse.datatools.sqltools.db.generic - 1.1.0.201603142002
2017-04-07 09:52:04,500 - org.eclipse.datatools.sqltools.debugger.core.ui - 1.1.0.201603142002
2017-04-07 09:52:04,500 - org.eclipse.datatools.sqltools.editor.core.ui - 1.1.0.201603142002
2017-04-07 09:52:04,501 - org.eclipse.datatools.sqltools.result.ui - 1.2.0.201603142002
2017-04-07 09:52:04,501 - org.eclipse.datatools.sqltools.routineeditor.ui - 1.1.0.201603142002
2017-04-07 09:52:04,501 - org.eclipse.datatools.sqltools.sql.ui - 1.1.0.201603142002
2017-04-07 09:52:04,502 - org.objectweb.asm - 5.0.1.v201404251740
2017-04-07 09:52:04,502 - org.eclipse.andmore - 0.5.0.201605181018
2017-04-07 09:52:04,502 - org.eclipse.andmore.base - 0.5.0.201605181018
2017-04-07 09:52:04,502 - org.eclipse.andmore.ddms - 0.5.0.201605181018
2017-04-07 09:52:04,502 - org.eclipse.andmore.overlay - 0.5.0.201605181018
2017-04-07 09:52:04,503 - org.apache.commons.codec - 1.6.0.v201305230611
2017-04-07 09:52:04,503 - org.apache.commons.compress - 1.6.0.v201310281400
2017-04-07 09:52:04,503 - org.apache.httpcomponents.httpclient - 4.3.6.v201511171540
2017-04-07 09:52:04,504 - org.apache.httpcomponents.httpcore - 4.3.3.v201411290715
2017-04-07 09:52:04,504 - org.eclipse.datatools.modelbase.dbdefinition - 1.1.0.201603142002
2017-04-07 09:52:04,505 - org.eclipse.datatools.modelbase.sql.edit - 1.1.0.201603142002
2017-04-07 09:52:04,505 - org.eclipse.datatools.modelbase.sql.query - 1.2.0.201603142002
2017-04-07 09:52:04,505 - org.eclipse.datatools.modelbase.sql.query.edit - 1.1.0.201603142002
2017-04-07 09:52:04,505 - org.eclipse.datatools.modelbase.sql.xml.query - 1.1.0.201603142002
2017-04-07 09:52:04,505 - org.eclipse.datatools.modelbase.sql - 1.1.0.201603142002
2017-04-07 09:52:04,513 - org.eclipse.oomph.setup.editor - 1.5.0.v20160707-0243
2017-04-07 09:52:04,514 - org.eclipse.oomph.setup.ui - 1.5.0.v20160914-0644
2017-04-07 09:52:04,520 - org.eclipse.oomph.setup.doc - 1.5.0.v20160707-0243
2017-04-07 09:52:04,530 - org.eclipse.oomph.setup.ui.questionnaire - 1.5.0.v20160818-1158
2017-04-07 09:52:04,530 - org.eclipse.oomph.jreinfo.ui - 1.5.0.v20160707-0243
2017-04-07 09:52:04,531 - org.eclipse.wst.xsl.core - 1.1.301.v201405151730
2017-04-07 09:52:04,531 - org.eclipse.wst.xsl.debug.ui - 1.0.302.v201304240928
2017-04-07 09:52:04,531 - org.eclipse.wst.xsl.launching - 1.1.0.v201304240928
2017-04-07 09:52:04,532 - org.eclipse.wst.xsl.xalan - 1.0.100.v201208081544
2017-04-07 09:52:04,532 - org.eclipse.wst.xsl.ui - 1.1.301.v201304222136
2017-04-07 09:52:04,532 - org.eclipse.wst.xml.xpath.ui - 1.1.102.v201509231858
2017-04-07 09:52:04,532 - org.apache.xalan - 2.7.1.v201005080400
2017-04-07 09:52:04,532 - org.apache.commons.logging - 1.1.1.v201101211721
2017-04-07 09:52:04,532 - org.eclipse.wst.xsl.doc - 1.0.100.v201309251559
2017-04-07 09:52:04,533 - org.eclipse.wst.xml.xpath.core - 1.3.1.v201509231858
2017-04-07 09:52:04,533 - org.apache.xml.serializer - 2.7.1.v201005080400
2017-04-07 09:52:04,533 - org.apache.bcel - 5.2.0.v201005080400
2017-04-07 09:52:04,533 - java_cup.runtime - 0.10.0.v201005080400
2017-04-07 09:52:04,533 - org.eclipse.wst.xsl.saxon - 1.0.200.v201103081755
2017-04-07 09:52:04,533 - org.eclipse.wst.xsl - 1.2.0.v201309251559
2017-04-07 09:52:04,533 - org.eclipse.wst.xsl.jaxp.debug - 1.0.300.v201304102131
2017-04-07 09:52:04,534 - org.eclipse.wst.xsl.jaxp.debug.ui - 1.0.200.v201103081755
2017-04-07 09:52:04,534 - org.eclipse.wst.xsl.jaxp.launching - 1.0.300.v201304102131
2017-04-07 09:52:04,534 - org.apache.log4j - 1.2.15.v201012070815
2017-04-07 09:52:04,534 - org.eclipse.wst.xsl.exslt.core - 1.0.0.v201005240422
2017-04-07 09:52:04,534 - org.eclipse.wst.xsl.exslt.ui - 1.0.0.v201006012004
2017-04-07 09:52:04,535 - org.eclipse.rse.services.ssh - 3.2.100.201403281521
2017-04-07 09:52:04,535 - org.eclipse.rse.connectorservice.ssh - 2.1.300.201505220524
2017-04-07 09:52:04,535 - org.eclipse.rse.subsystems.files.ssh - 2.1.300.201403100950
2017-04-07 09:52:04,535 - org.eclipse.rse.subsystems.shells.ssh - 2.1.400.201403100950
2017-04-07 09:52:04,536 - org.eclipse.jst.ws - 1.0.750.v201503231435
2017-04-07 09:52:04,537 - org.eclipse.jst.j2ee.ui - 1.1.900.v201602161345
2017-04-07 09:52:04,537 - org.eclipse.jst.ws.axis.creation.ui - 1.0.850.v201505131719
2017-04-07 09:52:04,537 - org.eclipse.jst.ws.axis.consumption.ui - 1.0.800.v201505131719
2017-04-07 09:52:04,537 - org.eclipse.jst.j2ee.jca.ui - 1.1.500.v201304231803
2017-04-07 09:52:04,537 - org.eclipse.jst.j2ee.navigator.ui - 1.1.600.v201302011850
2017-04-07 09:52:04,537 - org.eclipse.jst.j2ee.webservice.ui - 1.1.500.v201302011850
2017-04-07 09:52:04,538 - org.eclipse.jst.ws.axis.consumption.core - 1.0.550.v201505131719
2017-04-07 09:52:04,538 - org.eclipse.jst.servlet.ui - 1.1.900.v201605251556
2017-04-07 09:52:04,538 - org.eclipse.jst.ws.ui - 1.0.500.v201505131719
2017-04-07 09:52:04,538 - org.eclipse.jst.ws.uddiregistry - 1.0.600.v201505131719
2017-04-07 09:52:04,538 - org.eclipse.jst.ws.creation.ui - 1.0.900.v201503111711
2017-04-07 09:52:04,539 - org.eclipse.jst.ws.consumption.ui - 1.1.800.v201504152025
2017-04-07 09:52:04,565 - org.eclipse.jst.ws.consumption - 1.0.900.v201605241434
2017-04-07 09:52:04,565 - org.eclipse.jst.j2ee.infopop - 1.0.300.v201309091923
2017-04-07 09:52:04,565 - org.eclipse.jst.jsp.ui.infopop - 1.0.200.v201309112106
2017-04-07 09:52:04,565 - org.eclipse.jst.servlet.ui.infopop - 1.0.500.v201105121947
2017-04-07 09:52:04,565 - org.eclipse.jst.ws.axis.infopop - 1.0.400.v201309242123
2017-04-07 09:52:04,565 - org.eclipse.jst.ws.consumption.infopop - 1.0.400.v201309242123
2017-04-07 09:52:04,566 - org.eclipse.jst.ws.infopop - 1.0.400.v201309242123
2017-04-07 09:52:04,566 - org.eclipse.jst.ws.creation.ejb.ui - 1.0.250.v201309242123
2017-04-07 09:52:04,566 - org.eclipse.jst.ejb.ui - 1.1.900.v201402130359
2017-04-07 09:52:04,566 - org.eclipse.jst.j2ee.ejb.annotations.ui - 1.1.200.v201004261420
2017-04-07 09:52:04,566 - org.eclipse.jst.j2ee.ejb.annotation.model - 1.1.300.v201004110730
2017-04-07 09:52:04,566 - org.eclipse.jst.j2ee.ejb.annotations.emitter - 1.1.200.v201004110730
2017-04-07 09:52:04,567 - org.eclipse.jst.j2ee.ejb.annotations.xdoclet - 1.2.200.v201103302126
2017-04-07 09:52:04,567 - org.eclipse.jst.j2ee.xdoclet.runtime - 1.1.300.v201004280609
2017-04-07 09:52:04,567 - org.eclipse.jst.jee.ui - 1.0.701.v201408251535
2017-04-07 09:52:04,567 - org.eclipse.jst.ejb.ui.infopop - 1.0.300.v201002231012
2017-04-07 09:52:04,567 - org.eclipse.jst.ws.jaxrs.core - 1.0.600.v201505131719
2017-04-07 09:52:04,567 - org.eclipse.jst.ws.jaxrs.ui - 1.0.700.v201505131719
2017-04-07 09:52:04,568 - org.apache.xerces - 2.9.0.v201101211617
2017-04-07 09:52:04,568 - org.apache.xml.resolver - 1.2.0.v201005080400
2017-04-07 09:52:04,568 - org.apache.xml.serializer - 2.7.1.v201005080400
2017-04-07 09:52:04,569 - org.eclipse.datatools.enablement.oda.ws - 1.3.0.201603142002
2017-04-07 09:52:04,569 - org.eclipse.datatools.enablement.oda.xml - 1.3.0.201603142002
2017-04-07 09:52:04,569 - javax.xml - 1.3.4.v201005080400
2017-04-07 09:52:04,569 - javax.wsdl - 1.6.2.v201012040545
2017-04-07 09:52:04,569 - org.eclipse.datatools.connectivity.oda.flatfile - 3.2.0.201603142002
2017-04-07 09:52:04,570 - org.eclipse.jst.ws.axis2.core - 1.0.300.v201309242118
2017-04-07 09:52:04,570 - org.eclipse.jst.ws.axis2.ui - 1.0.400.v201309242118
2017-04-07 09:52:04,570 - org.eclipse.jst.ws.axis2.consumption.core - 1.0.200.v201309242118
2017-04-07 09:52:04,570 - org.eclipse.jst.ws.axis2.consumption.ui - 1.0.200.v201309242118
2017-04-07 09:52:04,570 - org.eclipse.jst.ws.axis2.creation.core - 1.0.200.v201309242118
2017-04-07 09:52:04,570 - org.eclipse.jst.ws.axis2.creation.ui - 1.0.200.v201309242118
2017-04-07 09:52:04,570 - org.eclipse.jst.ws.axis2.ui.doc.user - 1.0.200.v201309242118
2017-04-07 09:52:04,587 - org.eclipse.recommenders.mylyn.rcp - 2.4.3.v20160913-0645
2017-04-07 09:52:04,654 - org.apache.ant - 1.9.6.v201510161327
2017-04-07 09:52:04,655 - org.eclipse.ant.core - 3.4.100.v20160505-0642
2017-04-07 09:52:04,655 - com.jcraft.jsch - 0.1.53.v201508180515
2017-04-07 09:52:04,655 - org.eclipse.compare.core - 3.6.0.v20160418-1534
2017-04-07 09:52:04,655 - org.eclipse.compare - 3.6.0.v20160418-1534
2017-04-07 09:52:04,655 - org.eclipse.core.filebuffers - 3.6.0.v20160503-1849
2017-04-07 09:52:04,655 - org.eclipse.core.filesystem - 1.6.0.v20160503-1608
2017-04-07 09:52:04,655 - org.eclipse.core.net - 1.3.0.v20160418-1534
2017-04-07 09:52:04,656 - org.eclipse.core.net.linux.x86_64 - 1.2.0.v20160323-1650
2017-04-07 09:52:04,656 - org.eclipse.core.resources - 3.11.0.v20160503-1608
2017-04-07 09:52:04,656 - org.eclipse.osgi.util - 3.3.100.v20150423-1351
2017-04-07 09:52:04,656 - org.eclipse.debug.core - 3.10.100.v20160419-1720
2017-04-07 09:52:04,665 - org.eclipse.debug.ui - 3.11.201.v20160825-1412
2017-04-07 09:52:04,665 - org.eclipse.equinox.event - 1.3.200.v20160324-1850
2017-04-07 09:52:04,665 - org.eclipse.ltk.core.refactoring - 3.7.0.v20160419-0705
2017-04-07 09:52:04,665 - org.eclipse.ltk.ui.refactoring - 3.8.0.v20160518-1817
2017-04-07 09:52:04,665 - org.eclipse.platform - 4.6.1.v20160907-1200
2017-04-07 09:52:04,681 - org.eclipse.platform.doc.user - 4.6.1.v20160727-2009
2017-04-07 09:52:04,682 - org.eclipse.search - 3.11.0.v20160519-1501
2017-04-07 09:52:04,682 - org.eclipse.team.core - 3.8.0.v20160418-1534
2017-04-07 09:52:04,693 - org.eclipse.team.ui - 3.8.0.v20160518-1906
2017-04-07 09:52:04,693 - org.eclipse.text - 3.6.0.v20160503-1849
2017-04-07 09:52:04,693 - org.eclipse.jface.text - 3.11.1.v20160819-1517
2017-04-07 09:52:04,694 - org.eclipse.jsch.core - 1.3.0.v20160422-1917
2017-04-07 09:52:04,694 - org.eclipse.jsch.ui - 1.3.0.v20160323-1650
2017-04-07 09:52:04,694 - org.eclipse.ui.console - 3.6.200.v20160518-1858
2017-04-07 09:52:04,694 - org.eclipse.ui.intro - 3.5.1.v20160829-1558
2017-04-07 09:52:04,694 - org.eclipse.ui.intro.universal - 3.3.1.v20160829-1558
2017-04-07 09:52:04,694 - org.eclipse.ui.cheatsheets - 3.5.0.v20160504-0839
2017-04-07 09:52:04,694 - org.eclipse.ui.browser - 3.5.1.v20160712-0914
2017-04-07 09:52:04,695 - org.eclipse.ui.monitoring - 1.1.0.v20160131-1628
2017-04-07 09:52:04,695 - org.eclipse.ui.navigator - 3.6.100.v20160518-1929
2017-04-07 09:52:04,695 - org.eclipse.ui.navigator.resources - 3.5.100.v20160518-1929
2017-04-07 09:52:04,695 - org.eclipse.ui.net - 1.3.0.v20160426-1633
2017-04-07 09:52:04,695 - org.eclipse.ui.workbench.texteditor - 3.10.1.v20160818-1626
2017-04-07 09:52:04,696 - org.eclipse.ui.views - 3.8.101.v20160816-1954
2017-04-07 09:52:04,696 - org.eclipse.ui.editors - 3.10.0.v20160505-0931
2017-04-07 09:52:04,696 - org.eclipse.ui.externaltools - 3.3.100.v20160518-1858
2017-04-07 09:52:04,696 - org.eclipse.ui.ide - 3.12.1.v20160823-0925
2017-04-07 09:52:04,697 - org.eclipse.ui.ide.application - 1.1.101.v20160829-0827
2017-04-07 09:52:04,697 - org.eclipse.core.filesystem.linux.x86_64 - 1.2.200.v20140124-1940
2017-04-07 09:52:04,704 - org.eclipse.core.variables - 3.3.0.v20160419-1720
2017-04-07 09:52:04,704 - org.eclipse.ui.forms - 3.7.0.v20160518-1929
2017-04-07 09:52:04,704 - org.eclipse.ui.views.properties.tabbed - 3.7.0.v20160310-0903
2017-04-07 09:52:04,705 - org.eclipse.equinox.security - 1.2.200.v20150715-1528
2017-04-07 09:52:04,705 - org.eclipse.equinox.security.ui - 1.1.300.v20150803-1225
2017-04-07 09:52:04,705 - org.eclipse.core.externaltools - 1.0.400.v20160509-1057
2017-04-07 09:52:04,705 - org.eclipse.ui.themes - 1.1.200.v20160815-0536
2017-04-07 09:52:04,705 - org.eclipse.core.runtime - 3.12.0.v20160606-1342
2017-04-07 09:52:04,705 - org.eclipse.ui.intro.quicklinks - 1.0.0.v20160515-0255
2017-04-07 09:52:04,778 - org.eclipse.dltk.core.index.lucene - 5.6.0.201608300412
2017-04-07 09:52:04,778 - org.eclipse.dltk.core.index - 5.6.0.201608300412
2017-04-07 09:52:04,779 - org.eclipse.emf.ecore.edit - 2.9.0.v20160526-0356
2017-04-07 09:52:04,779 - org.eclipse.emf.ecore.change.edit - 2.6.0.v20160526-0356
2017-04-07 09:52:04,780 - org.eclipse.sequoyah.vnc.protocol - 2.1.0.N20120718-0509
2017-04-07 09:52:04,780 - org.eclipse.persistence.antlr - 3.2.0.v201302191141
2017-04-07 09:52:04,781 - org.eclipse.persistence.asm - 5.0.1.v201405080102
2017-04-07 09:52:04,781 - org.eclipse.persistence.core - 2.6.0.v20140809-296a69f
2017-04-07 09:52:04,783 - org.eclipse.persistence.jpa - 2.6.0.v20140809-296a69f
2017-04-07 09:52:04,783 - org.eclipse.jpt.jpa.eclipselink.core - 2.4.100.v201603180253
2017-04-07 09:52:04,783 - org.eclipse.jpt.jpa.eclipselink.ui - 2.4.100.v201603180253
2017-04-07 09:52:04,789 - org.eclipse.jpt.jpa.eclipselink.core.ddlgen - 2.2.200.v201603180253
2017-04-07 09:52:04,789 - org.eclipse.jpt.jpa.eclipselink.branding - 3.4.0.v201309202144
2017-04-07 09:52:04,790 - org.eclipse.emf.mapping.ecore - 2.6.0.v20160526-0356
2017-04-07 09:52:04,790 - org.eclipse.emf.mapping.ecore2ecore - 2.9.0.v20160526-0356
2017-04-07 09:52:04,790 - org.eclipse.emf.mapping.ecore2xml - 2.9.0.v20160526-0356
2017-04-07 09:52:04,791 - org.eclipse.datatools.enablement.ingres - 1.1.0.201603142002
2017-04-07 09:52:04,791 - org.eclipse.datatools.enablement.ingres.dbdefinition - 1.1.0.201603142002
2017-04-07 09:52:04,792 - org.eclipse.datatools.enablement.ingres.ui - 1.1.0.201603142002
2017-04-07 09:52:04,792 - org.eclipse.datatools.enablement.finfo - 1.6.0.201603142002
2017-04-07 09:52:04,792 - org.eclipse.andmore.traceview - 0.5.0.201605181018
2017-04-07 09:52:04,803 - org.eclipse.m2e.logback.configuration - 1.7.0.20160603-1933
2017-04-07 09:52:04,803 - org.eclipse.m2e.logback.appender - 1.7.0.20160603-1933
2017-04-07 09:52:04,804 - org.eclipse.emf.codegen - 2.11.0.v20160526-0356
2017-04-07 09:52:04,833 - org.eclipse.wst.dtd.ui - 1.0.801.v201308100602
2017-04-07 09:52:04,833 - org.eclipse.wst.dtd.ui.infopop - 1.0.400.v201309112106
2017-04-07 09:52:04,833 - org.eclipse.wst.sse.ui.infopop - 1.0.300.v201309112106
2017-04-07 09:52:04,833 - org.eclipse.wst.xml.ui.infopop - 1.0.400.v201309112106
2017-04-07 09:52:04,834 - org.eclipse.wst.sse.ui - 1.3.500.v201605120129
2017-04-07 09:52:04,834 - org.eclipse.wst.xml.ui - 1.1.700.v201604272318
2017-04-07 09:52:04,834 - org.eclipse.wst.xsd.ui - 1.2.600.v201511240159
2017-04-07 09:52:04,835 - org.eclipse.datatools.doc.user - 1.7.0.20090521092446
2017-04-07 09:52:04,835 - org.eclipse.datatools.oda.cshelp - 1.2.0.201603142002
2017-04-07 09:52:04,835 - org.eclipse.datatools.help - 1.6.0.201603142002
2017-04-07 09:52:04,836 - org.eclipse.emf - 2.6.0.v20160526-0356
2017-04-07 09:52:04,836 - org.eclipse.epp.package.jee - 4.6.1.20161007-1200
2017-04-07 09:52:04,836 - org.eclipse.wtp.epp.package.jee.intro - 1.3.0.v201006142040
2017-04-07 09:52:04,837 - org.eclipse.wtp.javascript.capabilities - 1.0.100.v201005102000
2017-04-07 09:52:04,837 - org.eclipse.wtp.jee.capabilities - 1.0.100.v201005102000
2017-04-07 09:52:04,837 - org.eclipse.wtp.web.capabilities - 1.0.100.v201005102000
2017-04-07 09:52:04,837 - org.eclipse.wtp.xml.capabilities - 1.0.100.v201005102000
2017-04-07 09:52:04,837 - org.eclipse.wtp.epp.package.capabilities - 1.3.0.v201005102000
2017-04-07 09:52:04,838 - org.eclipse.draw2d - 3.10.100.201606061308
2017-04-07 09:52:04,838 - org.eclipse.andmore.gldebugger - 0.5.0.201605181018
2017-04-07 09:52:04,839 - org.eclipse.mylyn.hudson.core - 1.12.0.v20160524-1837
2017-04-07 09:52:04,839 - org.eclipse.mylyn.hudson.ui - 1.12.0.v20160421-2142
2017-04-07 09:52:04,856 - org.eclipse.epp.mpc.core - 1.5.2.v20161004-1655
2017-04-07 09:52:04,856 - org.eclipse.epp.mpc.ui - 1.5.2.v20161005-1414
2017-04-07 09:52:04,857 - org.eclipse.epp.mpc.help.ui - 1.5.2.v20161004-1655
2017-04-07 09:52:04,857 - org.apache.httpcomponents.httpclient - 4.3.6.v201511171540
2017-04-07 09:52:04,857 - org.apache.httpcomponents.httpcore - 4.3.3.v201411290715
2017-04-07 09:52:04,857 - org.eclipse.cft.server.rse - 1.0.1.v201608300659
2017-04-07 09:52:04,858 - org.eclipse.cft.server.ui - 1.0.106.v201608300659
2017-04-07 09:52:04,858 - org.eclipse.cft.server.verify.ui - 1.0.1.v201608300659
2017-04-07 09:52:04,858 - org.eclipse.cft.server.branding.ui - 1.0.2.v201608300659
2017-04-07 09:52:04,952 - org.eclipse.cft.server.standalone.ui - 1.0.4.v201608300659
2017-04-07 09:52:04,954 - org.eclipse.dltk.core - 5.6.0.201608300412
2017-04-07 09:52:04,954 - org.eclipse.dltk.ui - 5.6.0.201608300412
2017-04-07 09:52:04,956 - org.eclipse.dltk.debug - 5.6.0.201608300412
2017-04-07 09:52:04,956 - org.eclipse.dltk.debug.ui - 5.6.0.201608300412
2017-04-07 09:52:04,956 - org.eclipse.dltk.launching - 5.6.0.201608300412
2017-04-07 09:52:04,956 - org.eclipse.dltk.console - 5.6.0.201608300412
2017-04-07 09:52:04,957 - org.eclipse.dltk.console.ui - 5.6.0.201608300412
2017-04-07 09:52:04,957 - org.eclipse.dltk.validators.core - 5.6.0.201608300412
2017-04-07 09:52:04,957 - org.eclipse.dltk.validators.ui - 5.6.0.201608300412
2017-04-07 09:52:04,957 - org.eclipse.dltk - 5.6.0.201608300412
2017-04-07 09:52:04,957 - org.eclipse.dltk.testing - 5.6.0.201608300412
2017-04-07 09:52:04,957 - org.eclipse.dltk.validators.externalchecker - 5.6.0.201608300412
2017-04-07 09:52:04,958 - org.eclipse.dltk.formatter - 5.6.0.201608300412
2017-04-07 09:52:04,958 - org.eclipse.dltk.core.manipulation - 5.6.0.201608300412
2017-04-07 09:52:04,959 - org.eclipse.dltk.logconsole - 5.6.0.201608300412
2017-04-07 09:52:04,959 - org.eclipse.dltk.logconsole.ui - 5.6.0.201608300412
2017-04-07 09:52:04,959 - org.eclipse.dltk.annotations - 5.6.0.201608300412
2017-04-07 09:52:04,973 - org.eclipse.recommenders.snipmatch - 2.4.3.v20160913-0645
2017-04-07 09:52:04,973 - org.eclipse.recommenders.snipmatch.rcp - 2.4.3.v20160913-0645
2017-04-07 09:52:04,974 - org.eclipse.dstore.core - 3.4.0.201501311530
2017-04-07 09:52:04,974 - org.eclipse.dstore.extra - 2.1.400.201403100950
2017-04-07 09:52:04,975 - org.eclipse.rse.connectorservice.dstore - 3.1.301.201403100950
2017-04-07 09:52:04,975 - org.eclipse.rse.services.dstore - 3.3.0.201406041609
2017-04-07 09:52:04,975 - org.eclipse.rse.subsystems.files.dstore - 2.1.300.201403100950
2017-04-07 09:52:04,975 - org.eclipse.rse.subsystems.processes.dstore - 2.1.400.201403100950
2017-04-07 09:52:04,975 - org.eclipse.rse.subsystems.shells.dstore - 2.1.400.201403100950
2017-04-07 09:52:04,975 - org.eclipse.rse.dstore.security - 3.0.400.201403100950
2017-04-07 09:52:04,976 - org.eclipse.cdt.gdb - 7.0.0.201609121658
2017-04-07 09:52:04,976 - org.eclipse.cdt.gdb.ui - 7.0.0.201609121658
2017-04-07 09:52:04,977 - org.eclipse.dltk.mylyn - 5.6.0.201608300412
2017-04-07 09:52:04,978 - org.eclipse.pde - 3.12.1.v20160907-1200
2017-04-07 09:52:04,994 - org.eclipse.pde.build - 3.9.200.v20160204-0642
2017-04-07 09:52:04,994 - org.eclipse.pde.core - 3.11.0.v20160510-1223
2017-04-07 09:52:04,995 - org.eclipse.pde.junit.runtime - 3.5.0.v20151013-0625
2017-04-07 09:52:04,995 - org.eclipse.pde.runtime - 3.5.0.v20160418-1724
2017-04-07 09:52:04,996 - org.eclipse.pde.ui - 3.9.1.v20160813-1107
2017-04-07 09:52:04,996 - org.eclipse.pde.doc.user - 3.12.1.v20160825-1158
2017-04-07 09:52:04,996 - org.eclipse.pde.ui.templates - 3.6.0.v20160424-1948
2017-04-07 09:52:04,996 - org.eclipse.ui.views.log - 1.2.1.v20160829-0826
2017-04-07 09:52:04,996 - org.objectweb.asm - 5.0.1.v201404251740
2017-04-07 09:52:04,997 - org.objectweb.asm.tree - 5.0.1.v201404251740
2017-04-07 09:52:04,997 - org.eclipse.pde.api.tools - 1.1.1.v20160811-0626
2017-04-07 09:52:04,997 - org.eclipse.pde.api.tools.annotations - 1.0.100.v20160418-1724
2017-04-07 09:52:04,997 - org.eclipse.pde.api.tools.ui - 1.1.0.v20160519-0701
2017-04-07 09:52:04,997 - org.eclipse.pde.ds.core - 1.1.0.v20151201-1325
2017-04-07 09:52:04,998 - org.eclipse.pde.ds.ui - 1.1.0.v20160518-1843
2017-04-07 09:52:04,998 - org.eclipse.pde.launching - 3.6.400.v20160121-1248
2017-04-07 09:52:04,998 - org.eclipse.pde.ua.core - 1.0.500.v20160204-0642
2017-04-07 09:52:04,999 - org.eclipse.pde.ua.ui - 1.1.0.v20160518-1843
2017-04-07 09:52:04,999 - org.eclipse.ui.trace - 1.0.400.v20160509-1055
2017-04-07 09:52:04,999 - org.eclipse.pde.ds.annotations - 1.0.0.v20160525-1437
2017-04-07 09:52:05,000 - net.sourceforge.lpg.lpgjavaruntime - 1.1.0.v201004271650
2017-04-07 09:52:05,000 - org.eclipse.datatools.sqltools.parsers.sql.lexer - 1.1.0.201603142002
2017-04-07 09:52:05,000 - org.eclipse.datatools.sqltools.parsers.sql.query - 1.3.0.201603142002
2017-04-07 09:52:05,001 - org.eclipse.datatools.sqltools.parsers.sql.xml.query - 1.1.0.201603142002
2017-04-07 09:52:05,001 - org.eclipse.datatools.sqltools.parsers.sql - 1.1.0.201603142002
2017-04-07 09:52:05,002 - org.eclipse.mylyn.java.ui - 3.20.0.v20160421-1902
2017-04-07 09:52:05,007 - org.eclipse.mylyn.java.tasks - 3.20.0.v20160421-1902
2017-04-07 09:52:05,007 - org.eclipse.mylyn.ide.ui - 3.20.0.v20160421-1902
2017-04-07 09:52:05,007 - org.eclipse.mylyn.ide.ant - 3.20.0.v20160421-1902
2017-04-07 09:52:05,007 - org.eclipse.mylyn.debug.ui - 3.20.0.v20160421-1902
2017-04-07 09:52:05,008 - org.eclipse.m2e.wtp.jaxrs - 1.3.1.20160831-1005
2017-04-07 09:52:05,009 - org.eclipse.datatools.sqltools.sql - 1.1.0.201603142002
2017-04-07 09:52:05,009 - org.eclipse.datatools.sqltools.common.ui - 1.1.0.201603142002
2017-04-07 09:52:05,009 - org.eclipse.datatools.sqltools.plan - 1.1.0.201603142002
2017-04-07 09:52:05,009 - org.eclipse.datatools.sqltools.editor.core - 1.1.0.201603142002
2017-04-07 09:52:05,009 - org.eclipse.datatools.sqltools.sqleditor - 1.1.0.201603142002
2017-04-07 09:52:05,009 - org.eclipse.datatools.sqltools.ddlgen.ui - 1.1.0.201603142002
2017-04-07 09:52:05,009 - org.eclipse.datatools.connectivity.db.generic - 1.1.0.201603142002
2017-04-07 09:52:05,009 - org.eclipse.datatools.sqltools.editor.core.ui - 1.1.0.201603142002
2017-04-07 09:52:05,009 - org.eclipse.datatools.sqltools.sql.ui - 1.1.0.201603142002
2017-04-07 09:52:05,019 - org.eclipse.mylyn.commons.repositories.core - 1.12.0.v20160421-1819
2017-04-07 09:52:05,020 - org.eclipse.mylyn.commons.repositories.ui - 1.12.0.v20160421-1819
2017-04-07 09:52:05,021 - org.eclipse.andmore.android.common - 0.5.0.201605181018
2017-04-07 09:52:05,021 - org.eclipse.andmore.android.codeutils - 0.5.0.201605181018
2017-04-07 09:52:05,021 - org.eclipse.andmore.android.translation - 0.5.0.201605181018
2017-04-07 09:52:05,022 - org.eclipse.andmore.android.codesnippets - 0.5.0.201605181018
2017-04-07 09:52:05,022 - org.eclipse.andmore.android.db.core - 0.5.0.201605181018
2017-04-07 09:52:05,022 - org.eclipse.andmore.android.logger - 0.5.0.201605181018
2017-04-07 09:52:05,023 - org.eclipse.andmore.android - 0.5.0.201605181018
2017-04-07 09:52:05,023 - org.eclipse.andmore.android.emulator - 0.5.0.201605181018
2017-04-07 09:52:05,023 - org.eclipse.andmore.android.launch - 0.5.0.201605181018
2017-04-07 09:52:05,024 - org.eclipse.andmore.android.packaging.ui - 0.5.0.201605181018
2017-04-07 09:52:05,024 - org.eclipse.andmore.android.handset - 0.5.0.201605181018
2017-04-07 09:52:05,024 - org.eclipse.andmore.android.remote - 0.5.0.201605181018
2017-04-07 09:52:05,024 - org.eclipse.andmore.android.linux.x86_64 - 0.5.0.201605181018
2017-04-07 09:52:05,024 - org.eclipse.andmore.android.mat - 0.5.0.201605181018
2017-04-07 09:52:05,024 - org.eclipse.andmore.android.devices.services - 0.5.0.201605181018
2017-04-07 09:52:05,025 - org.eclipse.andmore.android.db.devices - 0.5.0.201605181018
2017-04-07 09:52:05,025 - org.eclipse.andmore.android.installer - 0.5.0.201605181018
2017-04-07 09:52:05,025 - org.eclipse.andmore.android.logger.collector - 0.5.0.201605181018
2017-04-07 09:52:05,026 - org.apache.commons.net - 3.2.0.v201305141515
2017-04-07 09:52:05,026 - org.eclipse.rse.services.files.ftp - 3.0.500.201403100950
2017-04-07 09:52:05,026 - org.eclipse.rse.subsystems.files.ftp - 2.2.100.201601281414
2017-04-07 09:52:05,027 - org.eclipse.rse.useractions - 1.1.500.201403100950
2017-04-07 09:52:05,032 - org.eclipse.mylyn.monitor.core - 3.20.0.v20160421-1819
2017-04-07 09:52:05,032 - org.eclipse.mylyn.monitor.ui - 3.20.0.v20160421-1819
2017-04-07 09:52:05,033 - org.eclipse.tm.terminal.control - 4.1.0.201512010231
2017-04-07 09:52:05,034 - org.eclipse.sequoyah.vnc.vncviewer - 2.1.0.N20120718-0509
2017-04-07 09:52:05,035 - org.eclipse.emf.codegen.ecore.ui - 2.12.0.v20160526-0356
2017-04-07 09:52:05,035 - org.eclipse.emf.ecore.editor - 2.12.0.v20160526-0356
2017-04-07 09:52:05,036 - org.sonatype.m2e.mavenarchiver - 0.17.2.201606141937-signed-20160830073346
2017-04-07 09:52:05,036 - org.eclipse.epp.package.android - 4.6.1.20161007-1200
2017-04-07 09:52:05,042 - org.eclipse.mylyn.builds.core - 1.12.0.v20160421-2142
2017-04-07 09:52:05,042 - org.eclipse.mylyn.builds.ui - 1.12.0.v20160421-2142
2017-04-07 09:52:05,055 - org.eclipse.mylyn.context.core - 3.20.0.v20160421-1902
2017-04-07 09:52:05,055 - org.eclipse.mylyn.context.ui - 3.20.0.v20160421-1902
2017-04-07 09:52:05,056 - org.eclipse.mylyn.resources.ui - 3.20.0.v20160421-1902
2017-04-07 09:52:05,056 - org.eclipse.mylyn.context.tasks.ui - 3.20.0.v20160608-1905
2017-04-07 09:52:05,057 - org.eclipse.datatools.enablement.oracle.dbdefinition - 1.1.0.201603142002
2017-04-07 09:52:05,057 - org.eclipse.datatools.enablement.oracle - 1.1.0.201603142002
2017-04-07 09:52:05,057 - org.eclipse.datatools.enablement.oracle.ui - 1.1.0.201603142002
2017-04-07 09:52:05,057 - org.eclipse.datatools.enablement.finfo - 1.6.0.201603142002
2017-04-07 09:52:05,057 - org.eclipse.emf.databinding - 1.3.0.v20160526-0356
2017-04-07 09:52:05,058 - org.eclipse.datatools.enablement.sap.maxdb.dbdefinition - 1.1.0.201603142002
2017-04-07 09:52:05,058 - org.eclipse.datatools.enablement.sap.maxdb - 1.1.0.201603142002
2017-04-07 09:52:05,059 - org.eclipse.datatools.enablement.sap.maxdb.ui - 1.1.0.201603142002
2017-04-07 09:52:05,059 - org.eclipse.datatools.enablement.finfo - 1.6.0.201603142002
2017-04-07 09:52:05,059 - java_cup.runtime - 0.10.0.v201005080400
2017-04-07 09:52:05,059 - org.apache.xerces - 2.9.0.v201101211617
2017-04-07 09:52:05,060 - org.eclipse.wst.xml.xpath2.processor - 2.1.101.v201409111854
2017-04-07 09:52:05,060 - org.eclipse.wst.xml.xpath2.wtptypes - 2.0.0.v201208081543
2017-04-07 09:52:05,060 - org.eclipse.wst.xml.xpath2 - 1.1.0.v201309251557
2017-04-07 09:52:05,060 - org.eclipse.wst.xml.xpath2.processor.doc.user - 2.0.0.v201209212251
2017-04-07 09:52:05,066 - org.eclipse.oomph.setup - 1.5.0.v20160818-1158
2017-04-07 09:52:05,066 - org.eclipse.oomph.setup.edit - 1.5.0.v20160707-0243
2017-04-07 09:52:05,066 - org.eclipse.oomph.setup.core - 1.5.0.v20160913-0854
2017-04-07 09:52:05,067 - org.eclipse.oomph.setup.sync - 1.5.0.v20160707-0243
2017-04-07 09:52:05,067 - org.eclipse.oomph.setup.p2 - 1.5.0.v20160707-0243
2017-04-07 09:52:05,067 - org.eclipse.oomph.setup.p2.edit - 1.5.0.v20160706-1149
2017-04-07 09:52:05,067 - org.eclipse.oomph.preferences - 1.5.0.v20160807-0831
2017-04-07 09:52:05,067 - org.eclipse.oomph.jreinfo - 1.5.0.v20160807-1022
2017-04-07 09:52:05,067 - org.eclipse.oomph.extractor.lib - 1.2.0.v20160519-0740
2017-04-07 09:52:05,067 - org.apache.commons.logging - 1.1.1.v201101211721
2017-04-07 09:52:05,067 - org.apache.commons.codec - 1.6.0.v201305230611
2017-04-07 09:52:05,067 - org.apache.httpcomponents.httpclient - 4.3.6.v201511171540
2017-04-07 09:52:05,067 - org.apache.httpcomponents.httpcore - 4.3.3.v201411290715
2017-04-07 09:52:05,068 - org.eclipse.userstorage - 1.0.0.v20160524-0709
2017-04-07 09:52:05,068 - org.eclipse.userstorage.ui - 1.0.0.v20151216-0912
